<?xml version="1.0" encoding="UTF-8"?>
<!-- Generated by org.testng.reporters.JUnitReportReporter -->
<testsuite hostname="UPLAP1361" failures="0" tests="1" name="com.qa.testCases.TC_CreNewCustomerTest_02" time="19.827" errors="0" timestamp="2023-06-22T17:22:24 IST" skipped="0">
  <testcase classname="com.qa.testCases.TC_CreNewCustomerTest_02" name="createNewCutomer" time="19.827"/>
  <system-out/>
</testsuite> <!-- com.qa.testCases.TC_CreNewCustomerTest_02 -->
