<?xml version="1.0" encoding="UTF-8"?>
<!-- Generated by org.testng.reporters.JUnitReportReporter -->
<testsuite hostname="UPLAP1361" failures="0" tests="1" name="com.qa.testCases.TC_LoginTest_01" time="15.073" errors="0" timestamp="2023-06-21T17:50:17 IST" skipped="0">
  <testcase classname="com.qa.testCases.TC_LoginTest_01" name="loginTest" time="15.073"/>
  <system-out/>
</testsuite> <!-- com.qa.testCases.TC_LoginTest_01 -->
