<?xml version="1.0" encoding="UTF-8"?>
<!-- Generated by org.testng.reporters.JUnitReportReporter -->
<testsuite hostname="UPLAP1361" failures="0" tests="1" name="com.qa.googlekeep.testcases.BasicTest" time="28.172" errors="0" timestamp="2023-06-10T20:43:23 IST" skipped="0">
  <testcase classname="com.qa.googlekeep.testcases.BasicTest" name="verifyUserIsAbleToCreateNote" time="28.172"/>
  <system-out/>
</testsuite> <!-- com.qa.googlekeep.testcases.BasicTest -->
