<?xml version="1.0" encoding="UTF-8"?>
<!-- Generated by org.testng.reporters.JUnitReportReporter -->
<testsuite hostname="UPLAP1361" failures="0" tests="1" name="mytest.Program" time="31.759" errors="0" timestamp="2023-05-25T19:14:24 IST" skipped="0">
  <testcase classname="mytest.Program" name="verifyTitle" time="31.759"/>
  <system-out/>
</testsuite> <!-- mytest.Program -->
